[2019-10-12 13:55:01.041] [jointLog] [info] Fragment incompatibility prior below threshold.  Incompatible fragments will be ignored.
[2019-10-12 13:55:01.041] [jointLog] [info] Usage of --validateMappings implies use of minScoreFraction. Since not explicitly specified, it is being set to 0.65
[2019-10-12 13:55:01.041] [jointLog] [info] Usage of --validateMappings, without --hardFilter implies use of range factorization. rangeFactorizationBins is being set to 4
[2019-10-12 13:55:01.041] [jointLog] [info] Usage of --validateMappings implies a default consensus slack of 0.2. Setting consensusSlack to 0.2.
[2019-10-12 13:55:01.041] [jointLog] [info] parsing read library format
[2019-10-12 13:55:01.041] [jointLog] [info] There is 1 library.
[2019-10-12 13:55:01.102] [jointLog] [info] Loading Quasi index
[2019-10-12 13:55:01.102] [jointLog] [info] Loading 32-bit quasi index
[2019-10-12 13:55:03.935] [jointLog] [info] done
[2019-10-12 13:55:03.935] [jointLog] [info] Index contained 33,706 targets
[2019-10-12 13:55:05.136] [jointLog] [info] Automatically detected most likely library type as ISR
[2019-10-12 14:05:30.115] [fileLog] [info] 
At end of round 0
==================
Observed 42422337 total fragments (42422337 in most recent round)

[2019-10-12 14:05:30.004] [jointLog] [info] Thread saw mini-batch with a maximum of 0.94% zero probability fragments
[2019-10-12 14:05:30.035] [jointLog] [info] Thread saw mini-batch with a maximum of 0.88% zero probability fragments
[2019-10-12 14:05:30.042] [jointLog] [info] Thread saw mini-batch with a maximum of 0.88% zero probability fragments
[2019-10-12 14:05:30.046] [jointLog] [info] Thread saw mini-batch with a maximum of 0.84% zero probability fragments
[2019-10-12 14:05:30.115] [jointLog] [info] Computed 70,718 rich equivalence classes for further processing
[2019-10-12 14:05:30.115] [jointLog] [info] Counted 34,098,209 total reads in the equivalence classes 
[2019-10-12 14:05:30.120] [jointLog] [info] Number of mappings discarded because of alignment score : 267,540
[2019-10-12 14:05:30.120] [jointLog] [info] Number of fragments entirely discarded because of alignment score : 989,383
[2019-10-12 14:05:30.120] [jointLog] [info] Number of fragments discarded because they are best-mapped to decoys : 0
[2019-10-12 14:05:30.120] [jointLog] [info] Number of fragments discarded because they have only dovetail (discordant) mappings : 2,048,810
[2019-10-12 14:05:30.120] [jointLog] [info] Mapping rate = 80.378%

[2019-10-12 14:05:30.120] [jointLog] [info] finished quantifyLibrary()
[2019-10-12 14:05:30.120] [jointLog] [info] Starting optimizer
[2019-10-12 14:05:30.142] [jointLog] [info] Marked 0 weighted equivalence classes as degenerate
[2019-10-12 14:05:30.149] [jointLog] [info] iteration = 0 | max rel diff. = 18463.1
[2019-10-12 14:05:30.197] [jointLog] [info] iteration 11, adjusting effective lengths to account for biases
[2019-10-12 14:06:55.472] [jointLog] [info] Computed expected counts (for bias correction)
[2019-10-12 14:06:55.472] [jointLog] [info] processed bias for 0.0% of the transcripts
[2019-10-12 14:07:04.609] [jointLog] [info] processed bias for 10.0% of the transcripts
[2019-10-12 14:07:12.874] [jointLog] [info] processed bias for 20.0% of the transcripts
[2019-10-12 14:07:21.027] [jointLog] [info] processed bias for 30.0% of the transcripts
[2019-10-12 14:07:29.994] [jointLog] [info] processed bias for 40.0% of the transcripts
[2019-10-12 14:07:39.459] [jointLog] [info] processed bias for 50.0% of the transcripts
[2019-10-12 14:07:47.317] [jointLog] [info] processed bias for 60.0% of the transcripts
[2019-10-12 14:07:54.566] [jointLog] [info] processed bias for 70.0% of the transcripts
[2019-10-12 14:08:00.274] [jointLog] [info] processed bias for 80.0% of the transcripts
[2019-10-12 14:08:02.911] [jointLog] [info] processed bias for 100.0% of the transcripts
[2019-10-12 14:08:03.364] [jointLog] [info] iteration = 100 | max rel diff. = 7.01823
[2019-10-12 14:08:03.860] [jointLog] [info] iteration = 200 | max rel diff. = 5.67535
[2019-10-12 14:08:04.361] [jointLog] [info] iteration = 300 | max rel diff. = 1.77659
[2019-10-12 14:08:04.859] [jointLog] [info] iteration = 400 | max rel diff. = 2.87246
[2019-10-12 14:08:05.356] [jointLog] [info] iteration = 500 | max rel diff. = 0.400938
[2019-10-12 14:08:05.858] [jointLog] [info] iteration = 600 | max rel diff. = 0.127211
[2019-10-12 14:08:06.363] [jointLog] [info] iteration = 700 | max rel diff. = 2.12688
[2019-10-12 14:08:06.860] [jointLog] [info] iteration = 800 | max rel diff. = 0.0243691
[2019-10-12 14:08:07.361] [jointLog] [info] iteration = 900 | max rel diff. = 5.11969
[2019-10-12 14:08:07.868] [jointLog] [info] iteration = 1,000 | max rel diff. = 0.115225
[2019-10-12 14:08:08.367] [jointLog] [info] iteration = 1,100 | max rel diff. = 0.0563099
[2019-10-12 14:08:08.868] [jointLog] [info] iteration = 1,200 | max rel diff. = 5.04301
[2019-10-12 14:08:09.374] [jointLog] [info] iteration = 1,300 | max rel diff. = 0.473871
[2019-10-12 14:08:09.905] [jointLog] [info] iteration = 1,400 | max rel diff. = 0.013932
[2019-10-12 14:08:10.407] [jointLog] [info] iteration = 1,500 | max rel diff. = 2.63966
[2019-10-12 14:08:10.906] [jointLog] [info] iteration = 1,600 | max rel diff. = 0.481193
[2019-10-12 14:08:11.369] [jointLog] [info] iteration = 1,694 | max rel diff. = 0.00997371
[2019-10-12 14:08:11.370] [jointLog] [info] Finished optimizer
[2019-10-12 14:08:11.370] [jointLog] [info] writing output 

